  [1m[36m (1.7ms)[0m  [1mCREATE TABLE "schema_migrations" ("version" varchar NOT NULL) [0m
  [1m[35m (0.1ms)[0m  select sqlite_version(*)
  [1m[36m (1.6ms)[0m  [1mCREATE UNIQUE INDEX "unique_schema_migrations" ON "schema_migrations" ("version")[0m
  [1m[35mActiveRecord::SchemaMigration Load (0.1ms)[0m  SELECT "schema_migrations".* FROM "schema_migrations"


Started GET "/" for ::1 at 2015-11-17 17:47:54 -0600
Processing by Rails::WelcomeController#index as HTML
  Rendered /Users/admin/.rvm/gems/ruby-2.1.2/gems/railties-4.2.3/lib/rails/templates/rails/welcome/index.html.erb (2.8ms)
Completed 200 OK in 27ms (Views: 19.4ms | ActiveRecord: 0.0ms)
  [1m[36mActiveRecord::SchemaMigration Load (0.1ms)[0m  [1mSELECT "schema_migrations".* FROM "schema_migrations"[0m
Migrating to CreateStudents (1)
  [1m[35m (0.1ms)[0m  begin transaction
  [1m[36m (0.4ms)[0m  [1mCREATE TABLE "students" ("id" INTEGER PRIMARY KEY AUTOINCREMENT NOT NULL, "first_name" varchar, "last_name" varchar, "created_at" datetime NOT NULL, "updated_at" datetime NOT NULL) [0m
  [1m[35mSQL (0.3ms)[0m  INSERT INTO "schema_migrations" ("version") VALUES (?)  [["version", "1"]]
  [1m[36m (1.4ms)[0m  [1mcommit transaction[0m
  [1m[35mActiveRecord::SchemaMigration Load (0.1ms)[0m  SELECT "schema_migrations".* FROM "schema_migrations"
  [1m[36m (0.1ms)[0m  [1mbegin transaction[0m
  [1m[35mSQL (0.3ms)[0m  INSERT INTO "students" ("first_name", "last_name", "created_at", "updated_at") VALUES (?, ?, ?, ?)  [["first_name", "Jordan"], ["last_name", "Hudgens"], ["created_at", "2015-11-18 00:10:55.545365"], ["updated_at", "2015-11-18 00:10:55.545365"]]
  [1m[36m (2.9ms)[0m  [1mcommit transaction[0m
  [1m[35mStudent Load (0.2ms)[0m  SELECT  "students".* FROM "students"  ORDER BY "students"."id" DESC LIMIT 1
  [1m[36m (0.1ms)[0m  [1mbegin transaction[0m
  [1m[35mSQL (0.3ms)[0m  INSERT INTO "students" ("created_at", "updated_at") VALUES (?, ?)  [["created_at", "2015-11-18 00:17:49.095449"], ["updated_at", "2015-11-18 00:17:49.095449"]]
  [1m[36m (1.2ms)[0m  [1mcommit transaction[0m
  [1m[35mStudent Load (0.2ms)[0m  SELECT  "students".* FROM "students"  ORDER BY "students"."id" DESC LIMIT 1
  [1m[36mActiveRecord::SchemaMigration Load (0.1ms)[0m  [1mSELECT "schema_migrations".* FROM "schema_migrations"[0m
  [1m[35mActiveRecord::SchemaMigration Load (0.1ms)[0m  SELECT "schema_migrations".* FROM "schema_migrations"


Started GET "/" for ::1 at 2015-11-18 13:36:42 -0600
  [1m[36mActiveRecord::SchemaMigration Load (0.1ms)[0m  [1mSELECT "schema_migrations".* FROM "schema_migrations"[0m
Processing by Rails::WelcomeController#index as HTML
  Rendered /Users/admin/.rvm/gems/ruby-2.1.2/gems/railties-4.2.3/lib/rails/templates/rails/welcome/index.html.erb (2.4ms)
Completed 200 OK in 39ms (Views: 24.5ms | ActiveRecord: 0.0ms)


Started GET "/" for ::1 at 2015-11-18 13:37:10 -0600
Processing by Rails::WelcomeController#index as HTML
  Rendered /Users/admin/.rvm/gems/ruby-2.1.2/gems/railties-4.2.3/lib/rails/templates/rails/welcome/index.html.erb (0.0ms)
Completed 200 OK in 1ms (Views: 0.7ms | ActiveRecord: 0.0ms)
  [1m[36mActiveRecord::SchemaMigration Load (0.5ms)[0m  [1mSELECT "schema_migrations".* FROM "schema_migrations"[0m
  [1m[35mActiveRecord::SchemaMigration Load (0.1ms)[0m  SELECT "schema_migrations".* FROM "schema_migrations"
  [1m[36mStudent Load (0.4ms)[0m  [1mSELECT  "students".* FROM "students"  ORDER BY "students"."id" DESC LIMIT 1[0m
  [1m[35mStudent Load (0.2ms)[0m  SELECT  "students".* FROM "students"  ORDER BY "students"."id" DESC LIMIT 1
  [1m[36m (0.1ms)[0m  [1mbegin transaction[0m
  [1m[35mSQL (0.6ms)[0m  DELETE FROM "students" WHERE "students"."id" = ?  [["id", 2]]
  [1m[36m (1.6ms)[0m  [1mcommit transaction[0m
  [1m[35mStudent Load (0.2ms)[0m  SELECT "students".* FROM "students"
  [1m[35m (1.6ms)[0m  [1m[35mCREATE TABLE "ar_internal_metadata" ("key" varchar NOT NULL PRIMARY KEY, "value" varchar, "created_at" datetime NOT NULL, "updated_at" datetime NOT NULL)[0m
  [1m[36mActiveRecord::SchemaMigration Load (0.1ms)[0m  [1m[34mSELECT "schema_migrations".* FROM "schema_migrations"[0m
Migrating to CreateSchoolClassTable (2)
  [1m[36mActiveRecord::SchemaMigration Load (0.1ms)[0m  [1m[34mSELECT "schema_migrations".* FROM "schema_migrations"[0m
Migrating to CreateSchoolClassTable (2)
  [1m[35m (0.1ms)[0m  [1m[34mSELECT "schema_migrations"."version" FROM "schema_migrations"[0m
  [1m[36mActiveRecord::SchemaMigration Load (0.1ms)[0m  [1m[34mSELECT "schema_migrations".* FROM "schema_migrations"[0m
Migrating to CreateSchoolClassTable (2)
  [1m[36mActiveRecord::SchemaMigration Load (0.1ms)[0m  [1m[34mSELECT "schema_migrations".* FROM "schema_migrations"[0m
Migrating to CreateSchoolClassTable (2)
  [1m[36mActiveRecord::SchemaMigration Load (0.1ms)[0m  [1m[34mSELECT "schema_migrations".* FROM "schema_migrations"[0m
Migrating to CreateSchoolClass (2)
  [1m[35m (0.0ms)[0m  [1m[36mbegin transaction[0m
DEPRECATION WARNING: Directly inheriting from ActiveRecord::Migration is deprecated. Please specify the Rails release the migration was written for:

  class CreateSchoolClass < ActiveRecord::Migration[4.2] (called from require at bin/rails:4)
  [1m[35m (0.4ms)[0m  [1m[35mCREATE TABLE "school_class" ("id" INTEGER PRIMARY KEY AUTOINCREMENT NOT NULL, "title" varchar, "room_number" integer)[0m
  [1m[35mSQL (0.1ms)[0m  [1m[32mINSERT INTO "schema_migrations" ("version") VALUES (?)[0m  [["version", "2"]]
  [1m[35m (1.0ms)[0m  [1m[36mcommit transaction[0m
  [1m[36mActiveRecord::InternalMetadata Load (0.1ms)[0m  [1m[34mSELECT  "ar_internal_metadata".* FROM "ar_internal_metadata" WHERE "ar_internal_metadata"."key" = ? LIMIT ?[0m  [["key", "environment"], ["LIMIT", 1]]
  [1m[35m (0.0ms)[0m  [1m[36mbegin transaction[0m
  [1m[35mSQL (0.2ms)[0m  [1m[32mINSERT INTO "ar_internal_metadata" ("key", "value", "created_at", "updated_at") VALUES (?, ?, ?, ?)[0m  [["key", "environment"], ["value", "development"], ["created_at", "2020-09-23 23:48:10.993259"], ["updated_at", "2020-09-23 23:48:10.993259"]]
  [1m[35m (0.7ms)[0m  [1m[36mcommit transaction[0m
  [1m[36mActiveRecord::SchemaMigration Load (0.1ms)[0m  [1m[34mSELECT "schema_migrations".* FROM "schema_migrations"[0m
  [1m[35m (0.1ms)[0m  [1m[34mSELECT "schema_migrations"."version" FROM "schema_migrations"[0m
  [1m[36mActiveRecord::SchemaMigration Load (0.1ms)[0m  [1m[34mSELECT "schema_migrations".* FROM "schema_migrations"[0m
  [1m[36mActiveRecord::SchemaMigration Load (0.0ms)[0m  [1m[34mSELECT "schema_migrations".* FROM "schema_migrations"[0m
Migrating to CreateSchoolClass (2)
  [1m[35m (0.0ms)[0m  [1m[36mbegin transaction[0m
DEPRECATION WARNING: Directly inheriting from ActiveRecord::Migration is deprecated. Please specify the Rails release the migration was written for:

  class CreateSchoolClass < ActiveRecord::Migration[4.2] (called from require at bin/rails:4)
  [1m[35m (0.3ms)[0m  [1m[35mDROP TABLE "school_class"[0m
  [1m[35mSQL (0.1ms)[0m  [1m[31mDELETE FROM "schema_migrations" WHERE "schema_migrations"."version" = ?[0m  [["version", "2"]]
  [1m[35m (0.9ms)[0m  [1m[36mcommit transaction[0m
  [1m[36mActiveRecord::SchemaMigration Load (0.1ms)[0m  [1m[34mSELECT "schema_migrations".* FROM "schema_migrations"[0m
  [1m[36mActiveRecord::SchemaMigration Load (0.1ms)[0m  [1m[34mSELECT "schema_migrations".* FROM "schema_migrations"[0m
  [1m[36mActiveRecord::SchemaMigration Load (0.0ms)[0m  [1m[34mSELECT "schema_migrations".* FROM "schema_migrations"[0m
Migrating to CreateStudents (1)
  [1m[35m (0.0ms)[0m  [1m[36mbegin transaction[0m
DEPRECATION WARNING: Directly inheriting from ActiveRecord::Migration is deprecated. Please specify the Rails release the migration was written for:

  class CreateStudents < ActiveRecord::Migration[4.2] (called from require at bin/rails:4)
  [1m[35m (0.4ms)[0m  [1m[35mDROP TABLE "students"[0m
  [1m[35mSQL (0.1ms)[0m  [1m[31mDELETE FROM "schema_migrations" WHERE "schema_migrations"."version" = ?[0m  [["version", "1"]]
  [1m[35m (0.8ms)[0m  [1m[36mcommit transaction[0m
  [1m[36mActiveRecord::SchemaMigration Load (0.1ms)[0m  [1m[34mSELECT "schema_migrations".* FROM "schema_migrations"[0m
  [1m[36mActiveRecord::SchemaMigration Load (0.1ms)[0m  [1m[34mSELECT "schema_migrations".* FROM "schema_migrations"[0m
Migrating to CreateStudents (1)
  [1m[35m (0.0ms)[0m  [1m[36mbegin transaction[0m
DEPRECATION WARNING: Directly inheriting from ActiveRecord::Migration is deprecated. Please specify the Rails release the migration was written for:

  class CreateStudents < ActiveRecord::Migration[4.2] (called from require at bin/rails:4)
  [1m[35m (0.3ms)[0m  [1m[35mCREATE TABLE "students" ("id" INTEGER PRIMARY KEY AUTOINCREMENT NOT NULL, "first_name" varchar, "last_name" varchar, "created_at" datetime NOT NULL, "updated_at" datetime NOT NULL)[0m
  [1m[35mSQL (0.1ms)[0m  [1m[32mINSERT INTO "schema_migrations" ("version") VALUES (?)[0m  [["version", "1"]]
  [1m[35m (1.0ms)[0m  [1m[36mcommit transaction[0m
Migrating to CreateSchoolClasses (2)
  [1m[35m (0.0ms)[0m  [1m[36mbegin transaction[0m
DEPRECATION WARNING: Directly inheriting from ActiveRecord::Migration is deprecated. Please specify the Rails release the migration was written for:

  class CreateSchoolClasses < ActiveRecord::Migration[4.2] (called from require at bin/rails:4)
  [1m[35m (0.2ms)[0m  [1m[35mCREATE TABLE "school_classes" ("id" INTEGER PRIMARY KEY AUTOINCREMENT NOT NULL, "title" varchar, "room_number" integer)[0m
  [1m[35mSQL (0.1ms)[0m  [1m[32mINSERT INTO "schema_migrations" ("version") VALUES (?)[0m  [["version", "2"]]
  [1m[35m (0.9ms)[0m  [1m[36mcommit transaction[0m
  [1m[36mActiveRecord::InternalMetadata Load (0.1ms)[0m  [1m[34mSELECT  "ar_internal_metadata".* FROM "ar_internal_metadata" WHERE "ar_internal_metadata"."key" = ? LIMIT ?[0m  [["key", "environment"], ["LIMIT", 1]]
  [1m[35m (0.0ms)[0m  [1m[36mbegin transaction[0m
  [1m[35m (0.0ms)[0m  [1m[36mcommit transaction[0m
  [1m[36mActiveRecord::SchemaMigration Load (0.1ms)[0m  [1m[34mSELECT "schema_migrations".* FROM "schema_migrations"[0m
Started GET "/students/new" for ::1 at 2020-09-23 19:12:28 -0500
  [1m[36mActiveRecord::SchemaMigration Load (0.1ms)[0m  [1m[34mSELECT "schema_migrations".* FROM "schema_migrations"[0m
Processing by StudentsController#new as HTML
  Rendering students/new.html.erb within layouts/application
  Rendered students/new.html.erb within layouts/application (12.6ms)
Completed 200 OK in 322ms (Views: 314.2ms | ActiveRecord: 0.3ms)


Started GET "/students/new" for ::1 at 2020-09-23 19:12:38 -0500
Processing by StudentsController#new as HTML
  Rendering students/new.html.erb within layouts/application
  Rendered students/new.html.erb within layouts/application (1.4ms)
Completed 200 OK in 10ms (Views: 9.4ms | ActiveRecord: 0.0ms)


Started GET "/rails/info/routes" for ::1 at 2020-09-23 19:13:09 -0500
Processing by Rails::InfoController#routes as HTML
  Parameters: {"internal"=>true}
  Rendering /Users/virgilcantu/.rvm/gems/ruby-2.6.1/gems/railties-5.0.7.1/lib/rails/templates/rails/info/routes.html.erb within layouts/application
  Rendered collection of /Users/virgilcantu/.rvm/gems/ruby-2.6.1/gems/actionpack-5.0.7.1/lib/action_dispatch/middleware/templates/routes/_route.html.erb [12 times] (2.9ms)
  Rendered /Users/virgilcantu/.rvm/gems/ruby-2.6.1/gems/actionpack-5.0.7.1/lib/action_dispatch/middleware/templates/routes/_table.html.erb (2.0ms)
  Rendered /Users/virgilcantu/.rvm/gems/ruby-2.6.1/gems/railties-5.0.7.1/lib/rails/templates/rails/info/routes.html.erb within layouts/application (8.5ms)
Completed 200 OK in 13ms (Views: 10.9ms | ActiveRecord: 0.0ms)


Started GET "/students/new" for ::1 at 2020-09-23 19:13:23 -0500
Processing by StudentsController#new as HTML
  Rendering students/new.html.erb within layouts/application
  Rendered students/new.html.erb within layouts/application (1.6ms)
Completed 200 OK in 15ms (Views: 13.6ms | ActiveRecord: 0.0ms)


Started GET "/school_classes/new" for ::1 at 2020-09-23 19:15:16 -0500
Processing by SchoolClassesController#new as HTML
  Rendering school_classes/new.html.erb within layouts/application
  Rendered school_classes/new.html.erb within layouts/application (3.0ms)
Completed 200 OK in 16ms (Views: 11.6ms | ActiveRecord: 0.5ms)


Started GET "/students/new" for ::1 at 2020-09-23 19:17:22 -0500
Processing by StudentsController#new as HTML
  Rendering students/new.html.erb within layouts/application
  Rendered students/new.html.erb within layouts/application (1.5ms)
Completed 200 OK in 15ms (Views: 9.2ms | ActiveRecord: 0.5ms)


Started POST "/students" for ::1 at 2020-09-23 19:17:29 -0500
Processing by StudentsController#create as HTML
  Parameters: {"utf8"=>"✓", "authenticity_token"=>"p+6taygrd9aw9UiWFaV3DZBroBXqhTQnQ9rEIn0jKcIMP9iqOvR7WgPQPmupzui9FKgyzLKwOeeO9LzQCLOqRQ==", "student"=>{"first_name"=>"Guy", "last_name"=>"Fieri"}, "commit"=>"Create Student"}
Completed 500 Internal Server Error in 1ms (ActiveRecord: 0.0ms)


  
NoMethodError (undefined method `create' for nil:NilClass):
  
app/controllers/students_controller.rb:8:in `create'
  Rendering /Users/virgilcantu/.rvm/gems/ruby-2.6.1/gems/actionpack-5.0.7.1/lib/action_dispatch/middleware/templates/rescues/diagnostics.html.erb within rescues/layout
  Rendering /Users/virgilcantu/.rvm/gems/ruby-2.6.1/gems/actionpack-5.0.7.1/lib/action_dispatch/middleware/templates/rescues/_source.html.erb
  Rendered /Users/virgilcantu/.rvm/gems/ruby-2.6.1/gems/actionpack-5.0.7.1/lib/action_dispatch/middleware/templates/rescues/_source.html.erb (1.6ms)
  Rendering /Users/virgilcantu/.rvm/gems/ruby-2.6.1/gems/actionpack-5.0.7.1/lib/action_dispatch/middleware/templates/rescues/_trace.html.erb
  Rendered /Users/virgilcantu/.rvm/gems/ruby-2.6.1/gems/actionpack-5.0.7.1/lib/action_dispatch/middleware/templates/rescues/_trace.html.erb (0.8ms)
  Rendering /Users/virgilcantu/.rvm/gems/ruby-2.6.1/gems/actionpack-5.0.7.1/lib/action_dispatch/middleware/templates/rescues/_request_and_response.html.erb
  Rendered /Users/virgilcantu/.rvm/gems/ruby-2.6.1/gems/actionpack-5.0.7.1/lib/action_dispatch/middleware/templates/rescues/_request_and_response.html.erb (0.6ms)
  Rendered /Users/virgilcantu/.rvm/gems/ruby-2.6.1/gems/actionpack-5.0.7.1/lib/action_dispatch/middleware/templates/rescues/diagnostics.html.erb within rescues/layout (16.4ms)
Started GET "/students/new" for ::1 at 2020-09-23 19:22:17 -0500
Processing by StudentsController#new as HTML
  Rendering students/new.html.erb within layouts/application
  Rendered students/new.html.erb within layouts/application (1.8ms)
Completed 200 OK in 16ms (Views: 10.2ms | ActiveRecord: 0.5ms)


Started POST "/students" for ::1 at 2020-09-23 19:22:22 -0500
Processing by StudentsController#create as HTML
  Parameters: {"utf8"=>"✓", "authenticity_token"=>"Ue+mFIFljxC3oCtwVWjtoOjt5Mjt7tTA7syBWjErvnv6PtPVk7qDnASFXY3pA3IQbC52EbXb2QAj4vmoRLs9/A==", "student"=>{"first_name"=>"Guy", "last_name"=>"Fieri"}, "commit"=>"Create Student"}
  [1m[35m (0.0ms)[0m  [1m[36mbegin transaction[0m
  [1m[35mSQL (0.5ms)[0m  [1m[32mINSERT INTO "students" ("first_name", "last_name", "created_at", "updated_at") VALUES (?, ?, ?, ?)[0m  [["first_name", "Guy"], ["last_name", "Fieri"], ["created_at", "2020-09-24 00:22:22.509080"], ["updated_at", "2020-09-24 00:22:22.509080"]]
  [1m[35m (0.8ms)[0m  [1m[36mcommit transaction[0m
Redirected to http://localhost:3000/students/1
Completed 302 Found in 4ms (ActiveRecord: 1.3ms)


Started GET "/students/1" for ::1 at 2020-09-23 19:22:22 -0500
Processing by StudentsController#show as HTML
  Parameters: {"id"=>"1"}
  Rendering students/show.html.erb within layouts/application
  Rendered students/show.html.erb within layouts/application (0.2ms)
Completed 200 OK in 9ms (Views: 7.9ms | ActiveRecord: 0.0ms)


Started GET "/school_classes/new" for ::1 at 2020-09-23 19:26:16 -0500
Processing by SchoolClassesController#new as HTML
  Rendering school_classes/new.html.erb within layouts/application
  Rendered school_classes/new.html.erb within layouts/application (1.8ms)
Completed 200 OK in 15ms (Views: 10.6ms | ActiveRecord: 0.6ms)


Started POST "/school_classes" for ::1 at 2020-09-23 19:26:28 -0500
Processing by SchoolClassesController#create as HTML
  Parameters: {"utf8"=>"✓", "authenticity_token"=>"e5WVB2AEO/8KzpYFGpCGQyRni04v8J8gSaP2ZVzAhSTQRODGcts3c7nr4Pim+xnzoKQZl3fFkuCEjY6XKVAGow==", "school_class"=>{"title"=>"Engineering", "room_number"=>"35"}, "commit"=>"Create School class"}
Completed 500 Internal Server Error in 1ms (ActiveRecord: 0.0ms)


  
NameError (uninitialized constant SchoolClassesController::SchooClass):
  
app/controllers/school_classes_controller.rb:8:in `create'
  Rendering /Users/virgilcantu/.rvm/gems/ruby-2.6.1/gems/actionpack-5.0.7.1/lib/action_dispatch/middleware/templates/rescues/diagnostics.html.erb within rescues/layout
  Rendering /Users/virgilcantu/.rvm/gems/ruby-2.6.1/gems/actionpack-5.0.7.1/lib/action_dispatch/middleware/templates/rescues/_source.html.erb
  Rendered /Users/virgilcantu/.rvm/gems/ruby-2.6.1/gems/actionpack-5.0.7.1/lib/action_dispatch/middleware/templates/rescues/_source.html.erb (1.6ms)
  Rendering /Users/virgilcantu/.rvm/gems/ruby-2.6.1/gems/actionpack-5.0.7.1/lib/action_dispatch/middleware/templates/rescues/_trace.html.erb
  Rendered /Users/virgilcantu/.rvm/gems/ruby-2.6.1/gems/actionpack-5.0.7.1/lib/action_dispatch/middleware/templates/rescues/_trace.html.erb (0.8ms)
  Rendering /Users/virgilcantu/.rvm/gems/ruby-2.6.1/gems/actionpack-5.0.7.1/lib/action_dispatch/middleware/templates/rescues/_request_and_response.html.erb
  Rendered /Users/virgilcantu/.rvm/gems/ruby-2.6.1/gems/actionpack-5.0.7.1/lib/action_dispatch/middleware/templates/rescues/_request_and_response.html.erb (0.5ms)
  Rendered /Users/virgilcantu/.rvm/gems/ruby-2.6.1/gems/actionpack-5.0.7.1/lib/action_dispatch/middleware/templates/rescues/diagnostics.html.erb within rescues/layout (12.3ms)
Started GET "/school_classes/new" for ::1 at 2020-09-23 19:27:23 -0500
Processing by SchoolClassesController#new as HTML
  Rendering school_classes/new.html.erb within layouts/application
  Rendered school_classes/new.html.erb within layouts/application (1.6ms)
Completed 200 OK in 15ms (Views: 10.2ms | ActiveRecord: 0.5ms)


Started POST "/school_classes" for ::1 at 2020-09-23 19:27:27 -0500
Processing by SchoolClassesController#create as HTML
  Parameters: {"utf8"=>"✓", "authenticity_token"=>"Gam3VxWMxzDuYIG7Mjqwpy9p8hTpPAPCRe8l96ku+myyeMKWB1PLvF1F90aOUS8Xq6pgzbEJDgKIwV0F3L556w==", "school_class"=>{"title"=>"Chemistry", "room_number"=>"99"}, "commit"=>"Create School class"}
Completed 500 Internal Server Error in 1ms (ActiveRecord: 0.0ms)


  
NameError (uninitialized constant SchoolClassesController::SchooClass):
  
app/controllers/school_classes_controller.rb:8:in `create'
  Rendering /Users/virgilcantu/.rvm/gems/ruby-2.6.1/gems/actionpack-5.0.7.1/lib/action_dispatch/middleware/templates/rescues/diagnostics.html.erb within rescues/layout
  Rendering /Users/virgilcantu/.rvm/gems/ruby-2.6.1/gems/actionpack-5.0.7.1/lib/action_dispatch/middleware/templates/rescues/_source.html.erb
  Rendered /Users/virgilcantu/.rvm/gems/ruby-2.6.1/gems/actionpack-5.0.7.1/lib/action_dispatch/middleware/templates/rescues/_source.html.erb (1.6ms)
  Rendering /Users/virgilcantu/.rvm/gems/ruby-2.6.1/gems/actionpack-5.0.7.1/lib/action_dispatch/middleware/templates/rescues/_trace.html.erb
  Rendered /Users/virgilcantu/.rvm/gems/ruby-2.6.1/gems/actionpack-5.0.7.1/lib/action_dispatch/middleware/templates/rescues/_trace.html.erb (0.8ms)
  Rendering /Users/virgilcantu/.rvm/gems/ruby-2.6.1/gems/actionpack-5.0.7.1/lib/action_dispatch/middleware/templates/rescues/_request_and_response.html.erb
  Rendered /Users/virgilcantu/.rvm/gems/ruby-2.6.1/gems/actionpack-5.0.7.1/lib/action_dispatch/middleware/templates/rescues/_request_and_response.html.erb (0.6ms)
  Rendered /Users/virgilcantu/.rvm/gems/ruby-2.6.1/gems/actionpack-5.0.7.1/lib/action_dispatch/middleware/templates/rescues/diagnostics.html.erb within rescues/layout (13.2ms)
Started POST "/school_classes" for ::1 at 2020-09-23 19:29:21 -0500
Processing by SchoolClassesController#create as HTML
  Parameters: {"utf8"=>"✓", "authenticity_token"=>"Gam3VxWMxzDuYIG7Mjqwpy9p8hTpPAPCRe8l96ku+myyeMKWB1PLvF1F90aOUS8Xq6pgzbEJDgKIwV0F3L556w==", "school_class"=>{"title"=>"Chemistry", "room_number"=>"99"}, "commit"=>"Create School class"}
  [1m[35m (0.0ms)[0m  [1m[36mbegin transaction[0m
  [1m[35mSQL (0.3ms)[0m  [1m[32mINSERT INTO "school_classes" ("title", "room_number") VALUES (?, ?)[0m  [["title", "Chemistry"], ["room_number", 99]]
  [1m[35m (1.1ms)[0m  [1m[36mcommit transaction[0m
Redirected to http://localhost:3000/school_classes/1
Completed 302 Found in 6ms (ActiveRecord: 1.9ms)


Started GET "/school_classes/1" for ::1 at 2020-09-23 19:29:21 -0500
Processing by SchoolClassesController#show as HTML
  Parameters: {"id"=>"1"}
  Rendering school_classes/show.html.erb within layouts/application
  Rendered school_classes/show.html.erb within layouts/application (0.2ms)
Completed 200 OK in 9ms (Views: 8.0ms | ActiveRecord: 0.0ms)


Started GET "/school_classes/new" for ::1 at 2020-09-23 19:36:38 -0500
Processing by SchoolClassesController#new as HTML
  Rendering school_classes/new.html.erb within layouts/application
  Rendered school_classes/new.html.erb within layouts/application (1.3ms)
Completed 200 OK in 12ms (Views: 7.6ms | ActiveRecord: 0.5ms)


Started POST "/school_classes" for ::1 at 2020-09-23 19:36:43 -0500
Processing by SchoolClassesController#create as HTML
  Parameters: {"utf8"=>"✓", "authenticity_token"=>"uuCwmAyixnwehWKQeaJc29H0C9kAFSOgX6OVF3E7JJoRMcVZHn3K8K2gFG3FycNrVTeZAFggLmCSje3lBKunHQ==", "school_class"=>{"title"=>"Chemistry", "room_number"=>"100"}, "commit"=>"Create School class"}
  [1m[35m (0.0ms)[0m  [1m[36mbegin transaction[0m
  [1m[35mSQL (0.3ms)[0m  [1m[32mINSERT INTO "school_classes" ("title", "room_number") VALUES (?, ?)[0m  [["title", "Chemistry"], ["room_number", 100]]
  [1m[35m (0.9ms)[0m  [1m[36mcommit transaction[0m
Redirected to http://localhost:3000/school_classes/2
Completed 302 Found in 3ms (ActiveRecord: 1.3ms)


Started GET "/school_classes/2" for ::1 at 2020-09-23 19:36:43 -0500
Processing by SchoolClassesController#show as HTML
  Parameters: {"id"=>"2"}
  [1m[36mSchoolClass Load (0.1ms)[0m  [1m[34mSELECT  "school_classes".* FROM "school_classes" WHERE "school_classes"."id" = ? LIMIT ?[0m  [["id", 2], ["LIMIT", 1]]
  Rendering school_classes/show.html.erb within layouts/application
  Rendered school_classes/show.html.erb within layouts/application (1.5ms)
Completed 500 Internal Server Error in 6ms (ActiveRecord: 0.1ms)


  
ActionView::Template::Error (undefined method `/' for "Chemistry":String):
    1: <h1><%= @school_class.title /  @school_class.room_number %></h1>
  
app/views/school_classes/show.html.erb:1:in `_app_views_school_classes_show_html_erb___2435198331069587166_70253864813300'
  Rendering /Users/virgilcantu/.rvm/gems/ruby-2.6.1/gems/actionpack-5.0.7.1/lib/action_dispatch/middleware/templates/rescues/template_error.html.erb within rescues/layout
  Rendering /Users/virgilcantu/.rvm/gems/ruby-2.6.1/gems/actionpack-5.0.7.1/lib/action_dispatch/middleware/templates/rescues/_source.html.erb
  Rendered /Users/virgilcantu/.rvm/gems/ruby-2.6.1/gems/actionpack-5.0.7.1/lib/action_dispatch/middleware/templates/rescues/_source.html.erb (2.0ms)
  Rendering /Users/virgilcantu/.rvm/gems/ruby-2.6.1/gems/actionpack-5.0.7.1/lib/action_dispatch/middleware/templates/rescues/_trace.html.erb
  Rendered /Users/virgilcantu/.rvm/gems/ruby-2.6.1/gems/actionpack-5.0.7.1/lib/action_dispatch/middleware/templates/rescues/_trace.html.erb (0.9ms)
  Rendering /Users/virgilcantu/.rvm/gems/ruby-2.6.1/gems/actionpack-5.0.7.1/lib/action_dispatch/middleware/templates/rescues/_request_and_response.html.erb
  Rendered /Users/virgilcantu/.rvm/gems/ruby-2.6.1/gems/actionpack-5.0.7.1/lib/action_dispatch/middleware/templates/rescues/_request_and_response.html.erb (0.4ms)
  Rendered /Users/virgilcantu/.rvm/gems/ruby-2.6.1/gems/actionpack-5.0.7.1/lib/action_dispatch/middleware/templates/rescues/template_error.html.erb within rescues/layout (12.7ms)
Started GET "/school_classes/1" for ::1 at 2020-09-23 19:38:54 -0500
Processing by SchoolClassesController#show as HTML
  Parameters: {"id"=>"1"}
  [1m[36mSchoolClass Load (0.1ms)[0m  [1m[34mSELECT  "school_classes".* FROM "school_classes" WHERE "school_classes"."id" = ? LIMIT ?[0m  [["id", 1], ["LIMIT", 1]]
  Rendering school_classes/show.html.erb within layouts/application
  Rendered school_classes/show.html.erb within layouts/application (0.3ms)
Completed 200 OK in 9ms (Views: 7.8ms | ActiveRecord: 0.1ms)


Started GET "/school_classes/2" for ::1 at 2020-09-23 19:38:56 -0500
Processing by SchoolClassesController#show as HTML
  Parameters: {"id"=>"2"}
  [1m[36mSchoolClass Load (0.1ms)[0m  [1m[34mSELECT  "school_classes".* FROM "school_classes" WHERE "school_classes"."id" = ? LIMIT ?[0m  [["id", 2], ["LIMIT", 1]]
  Rendering school_classes/show.html.erb within layouts/application
  Rendered school_classes/show.html.erb within layouts/application (0.3ms)
Completed 200 OK in 10ms (Views: 8.4ms | ActiveRecord: 0.1ms)


Started GET "/school_classes/3" for ::1 at 2020-09-23 19:38:58 -0500
Processing by SchoolClassesController#show as HTML
  Parameters: {"id"=>"3"}
  [1m[36mSchoolClass Load (0.1ms)[0m  [1m[34mSELECT  "school_classes".* FROM "school_classes" WHERE "school_classes"."id" = ? LIMIT ?[0m  [["id", 3], ["LIMIT", 1]]
Completed 404 Not Found in 1ms (ActiveRecord: 0.1ms)


  
ActiveRecord::RecordNotFound (Couldn't find SchoolClass with 'id'=3):
  
app/controllers/school_classes_controller.rb:13:in `show'
  Rendering /Users/virgilcantu/.rvm/gems/ruby-2.6.1/gems/actionpack-5.0.7.1/lib/action_dispatch/middleware/templates/rescues/diagnostics.html.erb within rescues/layout
  Rendering /Users/virgilcantu/.rvm/gems/ruby-2.6.1/gems/actionpack-5.0.7.1/lib/action_dispatch/middleware/templates/rescues/_source.html.erb
  Rendered /Users/virgilcantu/.rvm/gems/ruby-2.6.1/gems/actionpack-5.0.7.1/lib/action_dispatch/middleware/templates/rescues/_source.html.erb (1.6ms)
  Rendering /Users/virgilcantu/.rvm/gems/ruby-2.6.1/gems/actionpack-5.0.7.1/lib/action_dispatch/middleware/templates/rescues/_trace.html.erb
  Rendered /Users/virgilcantu/.rvm/gems/ruby-2.6.1/gems/actionpack-5.0.7.1/lib/action_dispatch/middleware/templates/rescues/_trace.html.erb (0.8ms)
  Rendering /Users/virgilcantu/.rvm/gems/ruby-2.6.1/gems/actionpack-5.0.7.1/lib/action_dispatch/middleware/templates/rescues/_request_and_response.html.erb
  Rendered /Users/virgilcantu/.rvm/gems/ruby-2.6.1/gems/actionpack-5.0.7.1/lib/action_dispatch/middleware/templates/rescues/_request_and_response.html.erb (0.4ms)
  Rendered /Users/virgilcantu/.rvm/gems/ruby-2.6.1/gems/actionpack-5.0.7.1/lib/action_dispatch/middleware/templates/rescues/diagnostics.html.erb within rescues/layout (11.8ms)
Started GET "/school_classes/1" for ::1 at 2020-09-23 19:39:00 -0500
Processing by SchoolClassesController#show as HTML
  Parameters: {"id"=>"1"}
  [1m[36mSchoolClass Load (0.1ms)[0m  [1m[34mSELECT  "school_classes".* FROM "school_classes" WHERE "school_classes"."id" = ? LIMIT ?[0m  [["id", 1], ["LIMIT", 1]]
  Rendering school_classes/show.html.erb within layouts/application
  Rendered school_classes/show.html.erb within layouts/application (0.4ms)
Completed 200 OK in 10ms (Views: 8.6ms | ActiveRecord: 0.1ms)


Started GET "/school_classes/1/edit" for ::1 at 2020-09-23 19:39:02 -0500
Processing by SchoolClassesController#edit as HTML
  Parameters: {"id"=>"1"}
  [1m[36mSchoolClass Load (0.1ms)[0m  [1m[34mSELECT  "school_classes".* FROM "school_classes" WHERE "school_classes"."id" = ? LIMIT ?[0m  [["id", 1], ["LIMIT", 1]]
  Rendering school_classes/edit.html.erb within layouts/application
  Rendered school_classes/edit.html.erb within layouts/application (1.5ms)
Completed 200 OK in 11ms (Views: 9.6ms | ActiveRecord: 0.1ms)


Started PATCH "/school_classes/1" for ::1 at 2020-09-23 19:39:15 -0500
Processing by SchoolClassesController#update as HTML
  Parameters: {"utf8"=>"✓", "authenticity_token"=>"HunOrEnb+U24MXLW4MQN9J42C+/sW2wRmLQ0Bkk3z4y1OLttWwT1wQsUBCtcr5JEGvWZNrRuYdFVmkz0PKdMCw==", "school_class"=>{"title"=>"Chemistry", "room_number"=>"500"}, "commit"=>"Update School class", "id"=>"1"}
No template found for SchoolClassesController#update, rendering head :no_content
Completed 204 No Content in 19ms (ActiveRecord: 0.0ms)


Started GET "/school_classes/1" for ::1 at 2020-09-23 19:39:28 -0500
Processing by SchoolClassesController#show as HTML
  Parameters: {"id"=>"1"}
  [1m[36mSchoolClass Load (0.1ms)[0m  [1m[34mSELECT  "school_classes".* FROM "school_classes" WHERE "school_classes"."id" = ? LIMIT ?[0m  [["id", 1], ["LIMIT", 1]]
  Rendering school_classes/show.html.erb within layouts/application
  Rendered school_classes/show.html.erb within layouts/application (0.3ms)
Completed 200 OK in 9ms (Views: 8.2ms | ActiveRecord: 0.1ms)


Started GET "/school_classes/2" for ::1 at 2020-09-23 19:39:30 -0500
Processing by SchoolClassesController#show as HTML
  Parameters: {"id"=>"2"}
  [1m[36mSchoolClass Load (0.1ms)[0m  [1m[34mSELECT  "school_classes".* FROM "school_classes" WHERE "school_classes"."id" = ? LIMIT ?[0m  [["id", 2], ["LIMIT", 1]]
  Rendering school_classes/show.html.erb within layouts/application
  Rendered school_classes/show.html.erb within layouts/application (0.3ms)
Completed 200 OK in 9ms (Views: 8.2ms | ActiveRecord: 0.1ms)


Started GET "/school_classes/3" for ::1 at 2020-09-23 19:39:32 -0500
Processing by SchoolClassesController#show as HTML
  Parameters: {"id"=>"3"}
  [1m[36mSchoolClass Load (0.1ms)[0m  [1m[34mSELECT  "school_classes".* FROM "school_classes" WHERE "school_classes"."id" = ? LIMIT ?[0m  [["id", 3], ["LIMIT", 1]]
Completed 404 Not Found in 1ms (ActiveRecord: 0.1ms)


  
ActiveRecord::RecordNotFound (Couldn't find SchoolClass with 'id'=3):
  
app/controllers/school_classes_controller.rb:13:in `show'
  Rendering /Users/virgilcantu/.rvm/gems/ruby-2.6.1/gems/actionpack-5.0.7.1/lib/action_dispatch/middleware/templates/rescues/diagnostics.html.erb within rescues/layout
  Rendering /Users/virgilcantu/.rvm/gems/ruby-2.6.1/gems/actionpack-5.0.7.1/lib/action_dispatch/middleware/templates/rescues/_source.html.erb
  Rendered /Users/virgilcantu/.rvm/gems/ruby-2.6.1/gems/actionpack-5.0.7.1/lib/action_dispatch/middleware/templates/rescues/_source.html.erb (1.5ms)
  Rendering /Users/virgilcantu/.rvm/gems/ruby-2.6.1/gems/actionpack-5.0.7.1/lib/action_dispatch/middleware/templates/rescues/_trace.html.erb
  Rendered /Users/virgilcantu/.rvm/gems/ruby-2.6.1/gems/actionpack-5.0.7.1/lib/action_dispatch/middleware/templates/rescues/_trace.html.erb (0.7ms)
  Rendering /Users/virgilcantu/.rvm/gems/ruby-2.6.1/gems/actionpack-5.0.7.1/lib/action_dispatch/middleware/templates/rescues/_request_and_response.html.erb
  Rendered /Users/virgilcantu/.rvm/gems/ruby-2.6.1/gems/actionpack-5.0.7.1/lib/action_dispatch/middleware/templates/rescues/_request_and_response.html.erb (0.4ms)
  Rendered /Users/virgilcantu/.rvm/gems/ruby-2.6.1/gems/actionpack-5.0.7.1/lib/action_dispatch/middleware/templates/rescues/diagnostics.html.erb within rescues/layout (11.8ms)
Started GET "/school_classes/2" for ::1 at 2020-09-23 19:39:34 -0500
Processing by SchoolClassesController#show as HTML
  Parameters: {"id"=>"2"}
  [1m[36mSchoolClass Load (0.1ms)[0m  [1m[34mSELECT  "school_classes".* FROM "school_classes" WHERE "school_classes"."id" = ? LIMIT ?[0m  [["id", 2], ["LIMIT", 1]]
  Rendering school_classes/show.html.erb within layouts/application
  Rendered school_classes/show.html.erb within layouts/application (0.3ms)
Completed 200 OK in 9ms (Views: 8.2ms | ActiveRecord: 0.1ms)


Started GET "/school_classes/1" for ::1 at 2020-09-23 19:40:37 -0500
Processing by SchoolClassesController#show as HTML
  Parameters: {"id"=>"1"}
  [1m[36mSchoolClass Load (0.1ms)[0m  [1m[34mSELECT  "school_classes".* FROM "school_classes" WHERE "school_classes"."id" = ? LIMIT ?[0m  [["id", 1], ["LIMIT", 1]]
  Rendering school_classes/show.html.erb within layouts/application
  Rendered school_classes/show.html.erb within layouts/application (0.5ms)
Completed 200 OK in 14ms (Views: 8.9ms | ActiveRecord: 0.6ms)


Started GET "/school_classes/2" for ::1 at 2020-09-23 19:40:39 -0500
Processing by SchoolClassesController#show as HTML
  Parameters: {"id"=>"2"}
  [1m[36mSchoolClass Load (0.1ms)[0m  [1m[34mSELECT  "school_classes".* FROM "school_classes" WHERE "school_classes"."id" = ? LIMIT ?[0m  [["id", 2], ["LIMIT", 1]]
  Rendering school_classes/show.html.erb within layouts/application
  Rendered school_classes/show.html.erb within layouts/application (0.3ms)
Completed 200 OK in 10ms (Views: 8.4ms | ActiveRecord: 0.1ms)


Started GET "/school_classes/2/edit" for ::1 at 2020-09-23 19:40:42 -0500
Processing by SchoolClassesController#edit as HTML
  Parameters: {"id"=>"2"}
  [1m[36mSchoolClass Load (0.1ms)[0m  [1m[34mSELECT  "school_classes".* FROM "school_classes" WHERE "school_classes"."id" = ? LIMIT ?[0m  [["id", 2], ["LIMIT", 1]]
  Rendering school_classes/edit.html.erb within layouts/application
  Rendered school_classes/edit.html.erb within layouts/application (2.0ms)
Completed 200 OK in 12ms (Views: 10.6ms | ActiveRecord: 0.1ms)


Started PATCH "/school_classes/2" for ::1 at 2020-09-23 19:40:46 -0500
Processing by SchoolClassesController#update as HTML
  Parameters: {"utf8"=>"✓", "authenticity_token"=>"fPUtgYdLlchX4XqQAY6TPEqKQ4Jxc8J4JXH6qgECEy7XJFhAlZSZROTEDG295QyMzknRWylGz7joX4JYdJKQqQ==", "school_class"=>{"title"=>"Chemistry", "room_number"=>"999"}, "commit"=>"Update School class", "id"=>"2"}
  [1m[36mSchoolClass Load (0.1ms)[0m  [1m[34mSELECT  "school_classes".* FROM "school_classes" WHERE "school_classes"."id" = ? LIMIT ?[0m  [["id", 2], ["LIMIT", 1]]
  [1m[36mSchoolClass Load (0.1ms)[0m  [1m[34mSELECT "school_classes".* FROM "school_classes"[0m
  [1m[35m (0.0ms)[0m  [1m[36mbegin transaction[0m
  [1m[35mSQL (0.4ms)[0m  [1m[33mUPDATE "school_classes" SET "room_number" = ? WHERE "school_classes"."id" = ?[0m  [["room_number", 999], ["id", 1]]
  [1m[35m (0.9ms)[0m  [1m[36mcommit transaction[0m
  [1m[35m (0.0ms)[0m  [1m[36mbegin transaction[0m
  [1m[35mSQL (0.3ms)[0m  [1m[33mUPDATE "school_classes" SET "room_number" = ? WHERE "school_classes"."id" = ?[0m  [["room_number", 999], ["id", 2]]
  [1m[35m (0.6ms)[0m  [1m[36mcommit transaction[0m
Redirected to http://localhost:3000/school_classes/1%2F2
Completed 302 Found in 6ms (ActiveRecord: 2.3ms)


Started GET "/school_classes/1%2F2" for ::1 at 2020-09-23 19:40:46 -0500
Processing by SchoolClassesController#show as HTML
  Parameters: {"id"=>"1/2"}
  [1m[36mSchoolClass Load (0.1ms)[0m  [1m[34mSELECT  "school_classes".* FROM "school_classes" WHERE "school_classes"."id" = ? LIMIT ?[0m  [["id", 1], ["LIMIT", 1]]
  Rendering school_classes/show.html.erb within layouts/application
  Rendered school_classes/show.html.erb within layouts/application (0.3ms)
Completed 200 OK in 9ms (Views: 8.3ms | ActiveRecord: 0.1ms)


Started GET "/school_classes/2" for ::1 at 2020-09-23 19:43:15 -0500
Processing by SchoolClassesController#show as HTML
  Parameters: {"id"=>"2"}
  [1m[36mSchoolClass Load (0.1ms)[0m  [1m[34mSELECT  "school_classes".* FROM "school_classes" WHERE "school_classes"."id" = ? LIMIT ?[0m  [["id", 2], ["LIMIT", 1]]
  Rendering school_classes/show.html.erb within layouts/application
  Rendered school_classes/show.html.erb within layouts/application (0.3ms)
Completed 200 OK in 14ms (Views: 8.7ms | ActiveRecord: 0.7ms)


Started GET "/school_classes/1" for ::1 at 2020-09-23 19:43:17 -0500
Processing by SchoolClassesController#show as HTML
  Parameters: {"id"=>"1"}
  [1m[36mSchoolClass Load (0.1ms)[0m  [1m[34mSELECT  "school_classes".* FROM "school_classes" WHERE "school_classes"."id" = ? LIMIT ?[0m  [["id", 1], ["LIMIT", 1]]
  Rendering school_classes/show.html.erb within layouts/application
  Rendered school_classes/show.html.erb within layouts/application (0.3ms)
Completed 200 OK in 9ms (Views: 8.3ms | ActiveRecord: 0.1ms)


Started GET "/school_classes/2" for ::1 at 2020-09-23 19:43:20 -0500
Processing by SchoolClassesController#show as HTML
  Parameters: {"id"=>"2"}
  [1m[36mSchoolClass Load (0.1ms)[0m  [1m[34mSELECT  "school_classes".* FROM "school_classes" WHERE "school_classes"."id" = ? LIMIT ?[0m  [["id", 2], ["LIMIT", 1]]
  Rendering school_classes/show.html.erb within layouts/application
  Rendered school_classes/show.html.erb within layouts/application (0.3ms)
Completed 200 OK in 9ms (Views: 8.1ms | ActiveRecord: 0.1ms)


Started GET "/school_classes/1" for ::1 at 2020-09-23 19:43:22 -0500
Processing by SchoolClassesController#show as HTML
  Parameters: {"id"=>"1"}
  [1m[36mSchoolClass Load (0.1ms)[0m  [1m[34mSELECT  "school_classes".* FROM "school_classes" WHERE "school_classes"."id" = ? LIMIT ?[0m  [["id", 1], ["LIMIT", 1]]
  Rendering school_classes/show.html.erb within layouts/application
  Rendered school_classes/show.html.erb within layouts/application (0.3ms)
Completed 200 OK in 10ms (Views: 8.7ms | ActiveRecord: 0.1ms)


Started GET "/school_classes/3" for ::1 at 2020-09-23 19:43:28 -0500
Processing by SchoolClassesController#show as HTML
  Parameters: {"id"=>"3"}
  [1m[36mSchoolClass Load (0.1ms)[0m  [1m[34mSELECT  "school_classes".* FROM "school_classes" WHERE "school_classes"."id" = ? LIMIT ?[0m  [["id", 3], ["LIMIT", 1]]
Completed 404 Not Found in 1ms (ActiveRecord: 0.1ms)


  
ActiveRecord::RecordNotFound (Couldn't find SchoolClass with 'id'=3):
  
app/controllers/school_classes_controller.rb:13:in `show'
  Rendering /Users/virgilcantu/.rvm/gems/ruby-2.6.1/gems/actionpack-5.0.7.1/lib/action_dispatch/middleware/templates/rescues/diagnostics.html.erb within rescues/layout
  Rendering /Users/virgilcantu/.rvm/gems/ruby-2.6.1/gems/actionpack-5.0.7.1/lib/action_dispatch/middleware/templates/rescues/_source.html.erb
  Rendered /Users/virgilcantu/.rvm/gems/ruby-2.6.1/gems/actionpack-5.0.7.1/lib/action_dispatch/middleware/templates/rescues/_source.html.erb (1.5ms)
  Rendering /Users/virgilcantu/.rvm/gems/ruby-2.6.1/gems/actionpack-5.0.7.1/lib/action_dispatch/middleware/templates/rescues/_trace.html.erb
  Rendered /Users/virgilcantu/.rvm/gems/ruby-2.6.1/gems/actionpack-5.0.7.1/lib/action_dispatch/middleware/templates/rescues/_trace.html.erb (0.8ms)
  Rendering /Users/virgilcantu/.rvm/gems/ruby-2.6.1/gems/actionpack-5.0.7.1/lib/action_dispatch/middleware/templates/rescues/_request_and_response.html.erb
  Rendered /Users/virgilcantu/.rvm/gems/ruby-2.6.1/gems/actionpack-5.0.7.1/lib/action_dispatch/middleware/templates/rescues/_request_and_response.html.erb (0.5ms)
  Rendered /Users/virgilcantu/.rvm/gems/ruby-2.6.1/gems/actionpack-5.0.7.1/lib/action_dispatch/middleware/templates/rescues/diagnostics.html.erb within rescues/layout (12.2ms)
Started GET "/school_classes/1" for ::1 at 2020-09-23 19:43:29 -0500
Processing by SchoolClassesController#show as HTML
  Parameters: {"id"=>"1"}
  [1m[36mSchoolClass Load (0.1ms)[0m  [1m[34mSELECT  "school_classes".* FROM "school_classes" WHERE "school_classes"."id" = ? LIMIT ?[0m  [["id", 1], ["LIMIT", 1]]
  Rendering school_classes/show.html.erb within layouts/application
  Rendered school_classes/show.html.erb within layouts/application (0.3ms)
Completed 200 OK in 28ms (Views: 26.5ms | ActiveRecord: 0.1ms)


Started GET "/school_classes/2" for ::1 at 2020-09-23 19:43:31 -0500
Processing by SchoolClassesController#show as HTML
  Parameters: {"id"=>"2"}
  [1m[36mSchoolClass Load (0.1ms)[0m  [1m[34mSELECT  "school_classes".* FROM "school_classes" WHERE "school_classes"."id" = ? LIMIT ?[0m  [["id", 2], ["LIMIT", 1]]
  Rendering school_classes/show.html.erb within layouts/application
  Rendered school_classes/show.html.erb within layouts/application (0.3ms)
Completed 200 OK in 10ms (Views: 8.5ms | ActiveRecord: 0.1ms)


Started GET "/school_classes/1/edit" for ::1 at 2020-09-23 19:43:35 -0500
Processing by SchoolClassesController#edit as HTML
  Parameters: {"id"=>"1"}
  [1m[36mSchoolClass Load (0.1ms)[0m  [1m[34mSELECT  "school_classes".* FROM "school_classes" WHERE "school_classes"."id" = ? LIMIT ?[0m  [["id", 1], ["LIMIT", 1]]
  Rendering school_classes/edit.html.erb within layouts/application
  Rendered school_classes/edit.html.erb within layouts/application (1.7ms)
Completed 200 OK in 10ms (Views: 9.3ms | ActiveRecord: 0.1ms)


Started PATCH "/school_classes/1" for ::1 at 2020-09-23 19:43:42 -0500
Processing by SchoolClassesController#update as HTML
  Parameters: {"utf8"=>"✓", "authenticity_token"=>"ud9wS6sQkg/bhlh+WN9P1LRZ1BxQw38TarMYN0s4bLwSDgWKuc+eg2ijLoPktNBkMJpGxQj2ctOnnWDFPqjvOw==", "school_class"=>{"title"=>"Engineering", "room_number"=>"777"}, "commit"=>"Update School class", "id"=>"1"}
  [1m[36mSchoolClass Load (0.1ms)[0m  [1m[34mSELECT  "school_classes".* FROM "school_classes" WHERE "school_classes"."id" = ? LIMIT ?[0m  [["id", 1], ["LIMIT", 1]]
  [1m[36mSchoolClass Load (0.1ms)[0m  [1m[34mSELECT "school_classes".* FROM "school_classes"[0m
  [1m[35m (0.0ms)[0m  [1m[36mbegin transaction[0m
  [1m[35mSQL (0.3ms)[0m  [1m[33mUPDATE "school_classes" SET "title" = ?, "room_number" = ? WHERE "school_classes"."id" = ?[0m  [["title", "Engineering"], ["room_number", 777], ["id", 1]]
  [1m[35m (0.9ms)[0m  [1m[36mcommit transaction[0m
  [1m[35m (0.0ms)[0m  [1m[36mbegin transaction[0m
  [1m[35mSQL (0.3ms)[0m  [1m[33mUPDATE "school_classes" SET "title" = ?, "room_number" = ? WHERE "school_classes"."id" = ?[0m  [["title", "Engineering"], ["room_number", 777], ["id", 2]]
  [1m[35m (0.5ms)[0m  [1m[36mcommit transaction[0m
Redirected to http://localhost:3000/school_classes/1%2F2
Completed 302 Found in 5ms (ActiveRecord: 2.2ms)


Started GET "/school_classes/1%2F2" for ::1 at 2020-09-23 19:43:42 -0500
Processing by SchoolClassesController#show as HTML
  Parameters: {"id"=>"1/2"}
  [1m[36mSchoolClass Load (0.1ms)[0m  [1m[34mSELECT  "school_classes".* FROM "school_classes" WHERE "school_classes"."id" = ? LIMIT ?[0m  [["id", 1], ["LIMIT", 1]]
  Rendering school_classes/show.html.erb within layouts/application
  Rendered school_classes/show.html.erb within layouts/application (0.3ms)
Completed 200 OK in 10ms (Views: 8.4ms | ActiveRecord: 0.1ms)


Started GET "/school_classes/2" for ::1 at 2020-09-23 19:43:47 -0500
Processing by SchoolClassesController#show as HTML
  Parameters: {"id"=>"2"}
  [1m[36mSchoolClass Load (0.1ms)[0m  [1m[34mSELECT  "school_classes".* FROM "school_classes" WHERE "school_classes"."id" = ? LIMIT ?[0m  [["id", 2], ["LIMIT", 1]]
  Rendering school_classes/show.html.erb within layouts/application
  Rendered school_classes/show.html.erb within layouts/application (0.3ms)
Completed 200 OK in 9ms (Views: 8.2ms | ActiveRecord: 0.1ms)


Started GET "/school_classes/1" for ::1 at 2020-09-23 19:43:48 -0500
Processing by SchoolClassesController#show as HTML
  Parameters: {"id"=>"1"}
  [1m[36mSchoolClass Load (0.1ms)[0m  [1m[34mSELECT  "school_classes".* FROM "school_classes" WHERE "school_classes"."id" = ? LIMIT ?[0m  [["id", 1], ["LIMIT", 1]]
  Rendering school_classes/show.html.erb within layouts/application
  Rendered school_classes/show.html.erb within layouts/application (0.3ms)
Completed 200 OK in 9ms (Views: 8.3ms | ActiveRecord: 0.1ms)


Started GET "/school_classes/1" for ::1 at 2020-09-23 19:44:41 -0500
Processing by SchoolClassesController#show as HTML
  Parameters: {"id"=>"1"}
  [1m[36mSchoolClass Load (0.1ms)[0m  [1m[34mSELECT  "school_classes".* FROM "school_classes" WHERE "school_classes"."id" = ? LIMIT ?[0m  [["id", 1], ["LIMIT", 1]]
  Rendering school_classes/show.html.erb within layouts/application
  Rendered school_classes/show.html.erb within layouts/application (0.3ms)
Completed 200 OK in 13ms (Views: 8.6ms | ActiveRecord: 0.6ms)


Started GET "/school_classes/2" for ::1 at 2020-09-23 19:44:42 -0500
Processing by SchoolClassesController#show as HTML
  Parameters: {"id"=>"2"}
  [1m[36mSchoolClass Load (0.1ms)[0m  [1m[34mSELECT  "school_classes".* FROM "school_classes" WHERE "school_classes"."id" = ? LIMIT ?[0m  [["id", 2], ["LIMIT", 1]]
  Rendering school_classes/show.html.erb within layouts/application
  Rendered school_classes/show.html.erb within layouts/application (0.3ms)
Completed 200 OK in 10ms (Views: 8.4ms | ActiveRecord: 0.1ms)


Started GET "/school_classes/1" for ::1 at 2020-09-23 19:44:44 -0500
Processing by SchoolClassesController#show as HTML
  Parameters: {"id"=>"1"}
  [1m[36mSchoolClass Load (0.1ms)[0m  [1m[34mSELECT  "school_classes".* FROM "school_classes" WHERE "school_classes"."id" = ? LIMIT ?[0m  [["id", 1], ["LIMIT", 1]]
  Rendering school_classes/show.html.erb within layouts/application
  Rendered school_classes/show.html.erb within layouts/application (0.3ms)
Completed 200 OK in 9ms (Views: 7.5ms | ActiveRecord: 0.1ms)


Started GET "/school_classes/1/edit" for ::1 at 2020-09-23 19:44:49 -0500
Processing by SchoolClassesController#edit as HTML
  Parameters: {"id"=>"1"}
  [1m[36mSchoolClass Load (0.1ms)[0m  [1m[34mSELECT  "school_classes".* FROM "school_classes" WHERE "school_classes"."id" = ? LIMIT ?[0m  [["id", 1], ["LIMIT", 1]]
  Rendering school_classes/edit.html.erb within layouts/application
  Rendered school_classes/edit.html.erb within layouts/application (1.8ms)
Completed 200 OK in 12ms (Views: 10.6ms | ActiveRecord: 0.1ms)


Started PATCH "/school_classes/1" for ::1 at 2020-09-23 19:44:53 -0500
Processing by SchoolClassesController#update as HTML
  Parameters: {"utf8"=>"✓", "authenticity_token"=>"2fkmPpNGmrijYc/hIwPL6gSvp9DQZTVkHh5GhsK5VllyKFP/gZmWNBBEuRyfaFRagGw1CYhQOKTTMD50tynV3g==", "school_class"=>{"title"=>"Engineering", "room_number"=>"333"}, "commit"=>"Update School class", "id"=>"1"}
  [1m[36mSchoolClass Load (0.1ms)[0m  [1m[34mSELECT  "school_classes".* FROM "school_classes" WHERE "school_classes"."id" = ? LIMIT ?[0m  [["id", 1], ["LIMIT", 1]]
  [1m[35m (0.0ms)[0m  [1m[36mbegin transaction[0m
  [1m[35mSQL (0.3ms)[0m  [1m[33mUPDATE "school_classes" SET "room_number" = ? WHERE "school_classes"."id" = ?[0m  [["room_number", 333], ["id", 1]]
  [1m[35m (0.8ms)[0m  [1m[36mcommit transaction[0m
Redirected to http://localhost:3000/school_classes/1
Completed 302 Found in 3ms (ActiveRecord: 1.3ms)


Started GET "/school_classes/1" for ::1 at 2020-09-23 19:44:53 -0500
Processing by SchoolClassesController#show as HTML
  Parameters: {"id"=>"1"}
  [1m[36mSchoolClass Load (0.1ms)[0m  [1m[34mSELECT  "school_classes".* FROM "school_classes" WHERE "school_classes"."id" = ? LIMIT ?[0m  [["id", 1], ["LIMIT", 1]]
  Rendering school_classes/show.html.erb within layouts/application
  Rendered school_classes/show.html.erb within layouts/application (0.3ms)
Completed 200 OK in 9ms (Views: 7.9ms | ActiveRecord: 0.1ms)


Started GET "/school_classes/2" for ::1 at 2020-09-23 19:44:55 -0500
Processing by SchoolClassesController#show as HTML
  Parameters: {"id"=>"2"}
  [1m[36mSchoolClass Load (0.1ms)[0m  [1m[34mSELECT  "school_classes".* FROM "school_classes" WHERE "school_classes"."id" = ? LIMIT ?[0m  [["id", 2], ["LIMIT", 1]]
  Rendering school_classes/show.html.erb within layouts/application
  Rendered school_classes/show.html.erb within layouts/application (0.3ms)
Completed 200 OK in 9ms (Views: 8.2ms | ActiveRecord: 0.1ms)


Started GET "/school_classes/2/edit" for ::1 at 2020-09-23 19:44:59 -0500
Processing by SchoolClassesController#edit as HTML
  Parameters: {"id"=>"2"}
  [1m[36mSchoolClass Load (0.1ms)[0m  [1m[34mSELECT  "school_classes".* FROM "school_classes" WHERE "school_classes"."id" = ? LIMIT ?[0m  [["id", 2], ["LIMIT", 1]]
  Rendering school_classes/edit.html.erb within layouts/application
  Rendered school_classes/edit.html.erb within layouts/application (1.4ms)
Completed 200 OK in 10ms (Views: 9.4ms | ActiveRecord: 0.1ms)


Started PATCH "/school_classes/2" for ::1 at 2020-09-23 19:45:06 -0500
Processing by SchoolClassesController#update as HTML
  Parameters: {"utf8"=>"✓", "authenticity_token"=>"XbyxGREMSHcdYzSq2NnE2I9CttkRE2EkFVFYtiSpv1j2bcTYA9NE+65GQldksltoC4EkAEkmbOTYfyBEUTk83w==", "school_class"=>{"title"=>"Calculus", "room_number"=>"111"}, "commit"=>"Update School class", "id"=>"2"}
  [1m[36mSchoolClass Load (0.1ms)[0m  [1m[34mSELECT  "school_classes".* FROM "school_classes" WHERE "school_classes"."id" = ? LIMIT ?[0m  [["id", 2], ["LIMIT", 1]]
  [1m[35m (0.1ms)[0m  [1m[36mbegin transaction[0m
  [1m[35mSQL (0.3ms)[0m  [1m[33mUPDATE "school_classes" SET "title" = ?, "room_number" = ? WHERE "school_classes"."id" = ?[0m  [["title", "Calculus"], ["room_number", 111], ["id", 2]]
  [1m[35m (0.8ms)[0m  [1m[36mcommit transaction[0m
Redirected to http://localhost:3000/school_classes/2
Completed 302 Found in 4ms (ActiveRecord: 1.4ms)


Started GET "/school_classes/2" for ::1 at 2020-09-23 19:45:06 -0500
Processing by SchoolClassesController#show as HTML
  Parameters: {"id"=>"2"}
  [1m[36mSchoolClass Load (0.1ms)[0m  [1m[34mSELECT  "school_classes".* FROM "school_classes" WHERE "school_classes"."id" = ? LIMIT ?[0m  [["id", 2], ["LIMIT", 1]]
  Rendering school_classes/show.html.erb within layouts/application
  Rendered school_classes/show.html.erb within layouts/application (0.3ms)
Completed 200 OK in 10ms (Views: 8.5ms | ActiveRecord: 0.1ms)


Started GET "/school_classes/1" for ::1 at 2020-09-23 19:45:08 -0500
Processing by SchoolClassesController#show as HTML
  Parameters: {"id"=>"1"}
  [1m[36mSchoolClass Load (0.1ms)[0m  [1m[34mSELECT  "school_classes".* FROM "school_classes" WHERE "school_classes"."id" = ? LIMIT ?[0m  [["id", 1], ["LIMIT", 1]]
  Rendering school_classes/show.html.erb within layouts/application
  Rendered school_classes/show.html.erb within layouts/application (0.3ms)
Completed 200 OK in 9ms (Views: 8.2ms | ActiveRecord: 0.1ms)


